#
# There is insufficient memory for the Java Runtime Environment to continue.
# Native memory allocation (mmap) failed to map 1342177280 bytes for G1 virtual space
# Possible reasons:
#   The system is out of physical RAM or swap space
#   The process is running with CompressedOops enabled, and the Java Heap may be blocking the growth of the native heap
# Possible solutions:
#   Reduce memory load on the system
#   Increase physical memory or swap space
#   Check if swap backing store is full
#   Decrease Java heap size (-Xmx/-Xms)
#   Decrease number of Java threads
#   Decrease Java thread stack sizes (-Xss)
#   Set larger code cache with -XX:ReservedCodeCacheSize=
#   JVM is running with Zero Based Compressed Oops mode in which the Java heap is
#     placed in the first 32GB address space. The Java Heap base address is the
#     maximum limit for the native heap growth. Please use -XX:HeapBaseMinAddress
#     to set the Java Heap base and to place the Java Heap above 32GB virtual address.
# This output file may be truncated or incomplete.
#
#  Out of Memory Error (os_windows.cpp:3825), pid=207888, tid=154348
#
# JRE version:  (17.0.10+8) (build )
# Java VM: OpenJDK 64-Bit Server VM (17.0.10+8-b1207.12, mixed mode, sharing, tiered, compressed oops, compressed class ptrs, g1 gc, windows-amd64)
# No core dump will be written. Minidumps are not enabled by default on client versions of Windows
#

---------------  S U M M A R Y ------------

Command Line: git4idea.http.GitAskPassApp Username for 'https://git.jetbrains.space': 

Host: AMD Ryzen 9 3900X 12-Core Processor            , 24 cores, 79G,  Windows 11 , 64 bit Build 22621 (10.0.22621.3374)
Time: Fri Apr 26 13:29:23 2024 Romance Daylight Time elapsed time: 0.016705 seconds (0d 0h 0m 0s)

---------------  T H R E A D  ---------------

Current thread (0x000001888a56ba70):  JavaThread "Unknown thread" [_thread_in_vm, id=154348, stack(0x0000003432a00000,0x0000003432b00000)]

Stack: [0x0000003432a00000,0x0000003432b00000]
Native frames: (J=compiled Java code, j=interpreted, Vv=VM code, C=native code)
V  [jvm.dll+0x687989]
V  [jvm.dll+0x84116a]
V  [jvm.dll+0x842dae]
V  [jvm.dll+0x843413]
V  [jvm.dll+0x249ccf]
V  [jvm.dll+0x684759]
V  [jvm.dll+0x67900a]
V  [jvm.dll+0x30ab0b]
V  [jvm.dll+0x311fb6]
V  [jvm.dll+0x361d5e]
V  [jvm.dll+0x361f8f]
V  [jvm.dll+0x2e07f8]
V  [jvm.dll+0x2e1764]
V  [jvm.dll+0x811c31]
V  [jvm.dll+0x36fc11]
V  [jvm.dll+0x7f0666]
V  [jvm.dll+0x3f3daf]
V  [jvm.dll+0x3f5a41]
C  [jli.dll+0x528f]
C  [ucrtbase.dll+0x29333]
C  [KERNEL32.DLL+0x1257d]
C  [ntdll.dll+0x5aa48]


---------------  P R O C E S S  ---------------

Threads class SMR info:
_java_thread_list=0x00007ffcb3bedf58, length=0, elements={
}

Java Threads: ( => current thread )

Other Threads:
  0x000001889db51c60 GCTaskThread "GC Thread#0" [stack: 0x0000003432b00000,0x0000003432c00000] [id=7260]
  0x000001888a5f47e0 ConcurrentGCThread "G1 Main Marker" [stack: 0x0000003432c00000,0x0000003432d00000] [id=12736]
  0x000001888a5f5200 ConcurrentGCThread "G1 Conc#0" [stack: 0x0000003432d00000,0x0000003432e00000] [id=41932]

[error occurred during error reporting (printing all threads), id 0xc0000005, EXCEPTION_ACCESS_VIOLATION (0xc0000005) at pc=0x00007ffcb33a13c7]

VM state: not at safepoint (not fully initialized)

VM Mutex/Monitor currently owned by a thread:  ([mutex/lock_event])
[0x000001888a5671b0] Heap_lock - owner thread: 0x000001888a56ba70

Heap address: 0x0000000300000000, size: 20480 MB, Compressed Oops mode: Zero based, Oop shift amount: 3

CDS archive(s) mapped at: [0x0000000000000000-0x0000000000000000-0x0000000000000000), size 0, SharedBaseAddress: 0x0000000800000000, ArchiveRelocationMode: 1.
Narrow klass base: 0x0000000000000000, Narrow klass shift: 0, Narrow klass range: 0x0

GC Precious Log:
<Empty>

Heap:
 garbage-first heap   total 0K, used 0K [0x0000000300000000, 0x0000000800000000)
  region size 16384K, 0 young (0K), 0 survivors (0K)
 Metaspace       used 0K, committed 0K, reserved 0K
  class space    used 0K, committed 0K, reserved 0K

Heap Regions: E=young(eden), S=young(survivor), O=old, HS=humongous(starts), HC=humongous(continues), CS=collection set, F=free, OA=open archive, CA=closed archive, TAMS=top-at-mark-start (previous, next)

Card table byte_map: [0x00000188a04b0000,0x00000188a2cb0000] _byte_map_base: 0x000001889ecb0000

Marking Bits (Prev, Next): (CMBitMap*) 0x000001888a5e9eb0, (CMBitMap*) 0x000001888a5e9ef0
 Prev Bits: [0x00000188a54b0000, 0x00000188b94b0000)
 Next Bits: [0x00000188b94b0000, 0x00000188cd4b0000)

GC Heap History (0 events):
No events

Dll operation events (1 events):
Event: 0.011 Loaded shared library C:\Users\dpina\AppData\Local\Programs\Rider\jbr\bin\java.dll

Deoptimization events (0 events):
No events

Classes unloaded (0 events):
No events

Classes redefined (0 events):
No events

Internal exceptions (0 events):
No events

VM Operations (0 events):
No events

Events (0 events):
No events


Dynamic libraries:
0x00007ff764cd0000 - 0x00007ff764cda000 	C:\Users\dpina\AppData\Local\Programs\Rider\jbr\bin\java.exe
0x00007ffda5e30000 - 0x00007ffda6046000 	C:\Windows\SYSTEM32\ntdll.dll
0x00007ffda59e0000 - 0x00007ffda5aa4000 	C:\Windows\System32\KERNEL32.DLL
0x00007ffda3550000 - 0x00007ffda38f7000 	C:\Windows\System32\KERNELBASE.dll
0x00007ffda3180000 - 0x00007ffda3291000 	C:\Windows\System32\ucrtbase.dll
0x00007ffd3ed60000 - 0x00007ffd3ed77000 	C:\Users\dpina\AppData\Local\Programs\Rider\jbr\bin\jli.dll
0x00007ffd3ec40000 - 0x00007ffd3ec5b000 	C:\Users\dpina\AppData\Local\Programs\Rider\jbr\bin\VCRUNTIME140.dll
0x00007ffda5ab0000 - 0x00007ffda5c5e000 	C:\Windows\System32\USER32.dll
0x00007ffda3150000 - 0x00007ffda3176000 	C:\Windows\System32\win32u.dll
0x00007ffd8d270000 - 0x00007ffd8d503000 	C:\Windows\WinSxS\amd64_microsoft.windows.common-controls_6595b64144ccf1df_6.0.22621.3235_none_270f74e173860f98\COMCTL32.dll
0x00007ffda5380000 - 0x00007ffda53a9000 	C:\Windows\System32\GDI32.dll
0x00007ffda5d40000 - 0x00007ffda5de7000 	C:\Windows\System32\msvcrt.dll
0x00007ffda3a40000 - 0x00007ffda3b59000 	C:\Windows\System32\gdi32full.dll
0x00007ffda32a0000 - 0x00007ffda333a000 	C:\Windows\System32\msvcp_win.dll
0x00007ffda5710000 - 0x00007ffda5741000 	C:\Windows\System32\IMM32.DLL
0x00007ffd587d0000 - 0x00007ffd587dc000 	C:\Users\dpina\AppData\Local\Programs\Rider\jbr\bin\vcruntime140_1.dll
0x00007ffd3e1b0000 - 0x00007ffd3e23d000 	C:\Users\dpina\AppData\Local\Programs\Rider\jbr\bin\msvcp140.dll
0x00007ffcb30b0000 - 0x00007ffcb3d32000 	C:\Users\dpina\AppData\Local\Programs\Rider\jbr\bin\server\jvm.dll
0x00007ffda5850000 - 0x00007ffda5902000 	C:\Windows\System32\ADVAPI32.dll
0x00007ffda3bd0000 - 0x00007ffda3c78000 	C:\Windows\System32\sechost.dll
0x00007ffda3340000 - 0x00007ffda3368000 	C:\Windows\System32\bcrypt.dll
0x00007ffda3f80000 - 0x00007ffda4095000 	C:\Windows\System32\RPCRT4.dll
0x00007ffd88420000 - 0x00007ffd88429000 	C:\Windows\SYSTEM32\WSOCK32.dll
0x00007ffd9b320000 - 0x00007ffd9b354000 	C:\Windows\SYSTEM32\WINMM.dll
0x00007ffda5910000 - 0x00007ffda5981000 	C:\Windows\System32\WS2_32.dll
0x00007ffd97a40000 - 0x00007ffd97a4a000 	C:\Windows\SYSTEM32\VERSION.dll
0x00007ffda1fb0000 - 0x00007ffda1ffd000 	C:\Windows\SYSTEM32\POWRPROF.dll
0x00007ffda1f90000 - 0x00007ffda1fa3000 	C:\Windows\SYSTEM32\UMPDC.dll
0x00007ffda2240000 - 0x00007ffda2258000 	C:\Windows\SYSTEM32\kernel.appcore.dll
0x00007ffd8f720000 - 0x00007ffd8f72a000 	C:\Users\dpina\AppData\Local\Programs\Rider\jbr\bin\jimage.dll
0x00007ffd88180000 - 0x00007ffd883b3000 	C:\Windows\SYSTEM32\DBGHELP.DLL
0x00007ffda40a0000 - 0x00007ffda4428000 	C:\Windows\System32\combase.dll
0x00007ffda5c60000 - 0x00007ffda5d37000 	C:\Windows\System32\OLEAUT32.dll
0x00007ffd92150000 - 0x00007ffd92182000 	C:\Windows\SYSTEM32\dbgcore.DLL
0x00007ffda3900000 - 0x00007ffda3979000 	C:\Windows\System32\bcryptPrimitives.dll
0x00007ffd50a10000 - 0x00007ffd50a35000 	C:\Users\dpina\AppData\Local\Programs\Rider\jbr\bin\java.dll

dbghelp: loaded successfully - version: 4.0.5 - missing functions: none
symbol engine: initialized successfully - sym options: 0x614 - pdb path: .;C:\Users\dpina\AppData\Local\Programs\Rider\jbr\bin;C:\Windows\SYSTEM32;C:\Windows\WinSxS\amd64_microsoft.windows.common-controls_6595b64144ccf1df_6.0.22621.3235_none_270f74e173860f98;C:\Users\dpina\AppData\Local\Programs\Rider\jbr\bin\server

VM Arguments:
java_command: git4idea.http.GitAskPassApp Username for 'https://git.jetbrains.space': 
java_class_path (initial): C:/Users/dpina/AppData/Local/Programs/Rider/plugins/vcs-git/lib/git4idea-rt.jar;C:/Users/dpina/AppData/Local/Programs/Rider/lib/externalProcess-rt.jar
Launcher Type: SUN_STANDARD

[Global flags]
     intx CICompilerCount                          = 12                                        {product} {ergonomic}
     uint ConcGCThreads                            = 5                                         {product} {ergonomic}
     uint G1ConcRefinementThreads                  = 18                                        {product} {ergonomic}
   size_t G1HeapRegionSize                         = 16777216                                  {product} {ergonomic}
    uintx GCDrainStackTargetSize                   = 64                                        {product} {ergonomic}
   size_t InitialHeapSize                          = 1342177280                                {product} {ergonomic}
   size_t MarkStackSize                            = 4194304                                   {product} {ergonomic}
   size_t MaxHeapSize                              = 21474836480                               {product} {ergonomic}
   size_t MinHeapDeltaBytes                        = 16777216                                  {product} {ergonomic}
   size_t MinHeapSize                              = 16777216                                  {product} {ergonomic}
    uintx NonNMethodCodeHeapSize                   = 7602480                                {pd product} {ergonomic}
    uintx NonProfiledCodeHeapSize                  = 122027880                              {pd product} {ergonomic}
    uintx ProfiledCodeHeapSize                     = 122027880                              {pd product} {ergonomic}
    uintx ReservedCodeCacheSize                    = 251658240                              {pd product} {ergonomic}
     bool SegmentedCodeCache                       = true                                      {product} {ergonomic}
   size_t SoftMaxHeapSize                          = 21474836480                            {manageable} {ergonomic}
     bool UseCompressedClassPointers               = true                           {product lp64_product} {ergonomic}
     bool UseCompressedOops                        = true                           {product lp64_product} {ergonomic}
     bool UseG1GC                                  = true                                      {product} {ergonomic}
     bool UseLargePagesIndividualAllocation        = false                                  {pd product} {ergonomic}

Logging:
Log output configuration:
 #0: stdout all=warning uptime,level,tags
 #1: stderr all=off uptime,level,tags

Environment Variables:
PATH=C:/Program Files/Git/mingw64/libexec/git-core;C:/Program Files/Git/mingw64/libexec/git-core;C:\Program Files\Git\mingw64\bin;C:\Program Files\Git\usr\bin;C:\Users\dpina\bin;C:\Python312\Scripts\;C:\Python312\;C:\Windows\system32;C:\Windows;C:\Windows\System32\Wbem;C:\Windows\System32\WindowsPowerShell\v1.0\;C:\Windows\System32\OpenSSH\;C:\Program Files\Git\cmd;C:\Program Files\nodejs\;C:\ProgramData\chocolatey\bin;C:\Program Files\PuTTY\;C:\Program Files\Docker\Docker\resources\bin;C:\Program Files\dotnet\;C:\Program Files (x86)\WinMerge;C:\Program Files\PowerShell\7\;C:\Users\dpina\AppData\Local\Microsoft\WindowsApps;C:\Users\dpina\AppData\Local\Programs\Microsoft VS Code\bin;C:\Users\dpina\AppData\Local\JetBrains\Toolbox\scripts;C:\Users\dpina\AppData\Roaming\npm;C:\Users\dpina\.dotnet\tools
USERNAME=dpina
DISPLAY=:0.0
LC_ALL=en_US.UTF-8
TERM=xterm-256color
TMPDIR=C:\Users\dpina\AppData\Local\Temp
OS=Windows_NT
PROCESSOR_IDENTIFIER=AMD64 Family 23 Model 113 Stepping 0, AuthenticAMD
TMP=C:\Users\dpina\AppData\Local\Temp
TEMP=C:\Users\dpina\AppData\Local\Temp



Periodic native trim disabled

JNI global refs:
JNI global refs: 0, weak refs: 0

JNI global refs memory usage: 0, weak refs: 0

OOME stack traces (most recent first):
Classloader memory used:


---------------  S Y S T E M  ---------------

OS:
 Windows 11 , 64 bit Build 22621 (10.0.22621.3374)
OS uptime: 7 days 15:51 hours
Hyper-V role detected

CPU: total 24 (initial active 24) (24 cores per cpu, 2 threads per core) family 23 model 113 stepping 0 microcode 0x0, cx8, cmov, fxsr, ht, mmx, 3dnowpref, sse, sse2, sse3, ssse3, sse4a, sse4.1, sse4.2, popcnt, lzcnt, tsc, tscinvbit, avx, avx2, aes, clmul, bmi1, bmi2, adx, sha, fma, vzeroupper, clflush, clflushopt, hv
Processor Information for all 24 processors :
  Max Mhz: 3793, Current Mhz: 3793, Mhz Limit: 3793

Memory: 4k page, system-wide physical 81867M (8888M free)
TotalPageFile size 200990M (AvailPageFile size 190M)
current process WorkingSet (physical memory assigned to process): 11M, peak: 11M
current process commit charge ("private bytes"): 81M, peak: 1361M

vm_info: OpenJDK 64-Bit Server VM (17.0.10+8-b1207.12) for windows-amd64 JRE (17.0.10+8-b1207.12), built on 2024-03-15 by "builduser" with MS VC++ 16.10 / 16.11 (VS2019)

END.
